<?xml version="1.0" encoding="UTF-8"?>
<!-- Generated by org.testng.reporters.JUnitReportReporter -->
<testsuite hostname="GopinathKumsi" failures="0" tests="1" name="com.code.one" time="16.496" errors="0" timestamp="2020-10-10T15:09:17 IST" skipped="0">
  <testcase classname="com.code.one" name="getBrowserlaunch" time="16.496"/>
</testsuite> <!-- com.code.one -->
